<?xml version="1.0" encoding="UTF-8"?>
<!-- Generated by org.testng.reporters.JUnitReportReporter -->
<testsuite hostname="Shivani" failures="0" tests="4" name="Demo.DataProviderPractice" time="0.008" errors="0" timestamp="2023-06-22T20:20:19 IST" skipped="0">
  <testcase classname="Demo.DataProviderPractice" name="readData" time="0.000"/>
  <system-out/>
  <testcase classname="Demo.DataProviderPractice" name="readData" time="0.001"/>
  <system-out/>
  <testcase classname="Demo.DataProviderPractice" name="readData" time="0.001"/>
  <system-out/>
  <testcase classname="Demo.DataProviderPractice" name="readData" time="0.006"/>
  <system-out/>
</testsuite> <!-- Demo.DataProviderPractice -->
